app/build/intermediates/manifest_merge_blame_file/release/manifest-merger-blame-release-report.txt
1<?xml version="1.0" encoding="utf-8"?>
2<manifest xmlns:android="http://schemas.android.com/apk/res/android"
3    package="com.crashalert.safety"
4    android:versionCode="1"
5    android:versionName="1.0" >
6
7    <uses-sdk
8        android:minSdkVersion="24"
9        android:targetSdkVersion="34" />
10
11    <!-- Permissions -->
12    <uses-permission android:name="android.permission.ACCESS_FINE_LOCATION" />
12-->src\main\AndroidManifest.xml:6:5-79
12-->src\main\AndroidManifest.xml:6:22-76
13    <uses-permission android:name="android.permission.ACCESS_COARSE_LOCATION" />
13-->src\main\AndroidManifest.xml:7:5-81
13-->src\main\AndroidManifest.xml:7:22-78
14    <uses-permission android:name="android.permission.ACCESS_BACKGROUND_LOCATION" />
14-->src\main\AndroidManifest.xml:8:5-85
14-->src\main\AndroidManifest.xml:8:22-82
15    <uses-permission android:name="android.permission.CALL_PHONE" />
15-->src\main\AndroidManifest.xml:9:5-69
15-->src\main\AndroidManifest.xml:9:22-66
16    <uses-permission android:name="android.permission.SEND_SMS" />
16-->src\main\AndroidManifest.xml:10:5-67
16-->src\main\AndroidManifest.xml:10:22-64
17    <uses-permission android:name="android.permission.READ_PHONE_STATE" />
17-->src\main\AndroidManifest.xml:11:5-75
17-->src\main\AndroidManifest.xml:11:22-72
18    <uses-permission android:name="android.permission.READ_CONTACTS" />
18-->src\main\AndroidManifest.xml:12:5-72
18-->src\main\AndroidManifest.xml:12:22-69
19    <uses-permission android:name="android.permission.WRITE_CONTACTS" />
19-->src\main\AndroidManifest.xml:13:5-73
19-->src\main\AndroidManifest.xml:13:22-70
20    <uses-permission android:name="android.permission.BODY_SENSORS" />
20-->src\main\AndroidManifest.xml:14:5-71
20-->src\main\AndroidManifest.xml:14:22-68
21    <uses-permission android:name="android.permission.HIGH_SAMPLING_RATE_SENSORS" />
21-->src\main\AndroidManifest.xml:15:5-85
21-->src\main\AndroidManifest.xml:15:22-82
22    <uses-permission android:name="android.permission.VIBRATE" />
22-->src\main\AndroidManifest.xml:16:5-66
22-->src\main\AndroidManifest.xml:16:22-63
23    <uses-permission android:name="android.permission.WAKE_LOCK" />
23-->src\main\AndroidManifest.xml:17:5-68
23-->src\main\AndroidManifest.xml:17:22-65
24    <uses-permission android:name="android.permission.FOREGROUND_SERVICE" />
24-->src\main\AndroidManifest.xml:18:5-77
24-->src\main\AndroidManifest.xml:18:22-74
25    <uses-permission android:name="android.permission.FOREGROUND_SERVICE_LOCATION" />
25-->src\main\AndroidManifest.xml:19:5-86
25-->src\main\AndroidManifest.xml:19:22-83
26    <uses-permission android:name="android.permission.FOREGROUND_SERVICE_SPECIAL_USE" />
26-->src\main\AndroidManifest.xml:20:5-89
26-->src\main\AndroidManifest.xml:20:22-86
27    <uses-permission android:name="android.permission.INTERNET" />
27-->src\main\AndroidManifest.xml:21:5-67
27-->src\main\AndroidManifest.xml:21:22-64
28    <uses-permission android:name="android.permission.ACCESS_NETWORK_STATE" />
28-->src\main\AndroidManifest.xml:22:5-79
28-->src\main\AndroidManifest.xml:22:22-76
29    <uses-permission android:name="android.permission.RECORD_AUDIO" />
29-->src\main\AndroidManifest.xml:23:5-71
29-->src\main\AndroidManifest.xml:23:22-68
30    <uses-permission android:name="android.permission.MODIFY_AUDIO_SETTINGS" />
30-->src\main\AndroidManifest.xml:24:5-80
30-->src\main\AndroidManifest.xml:24:22-77
31    <uses-permission android:name="android.permission.SYSTEM_ALERT_WINDOW" />
31-->src\main\AndroidManifest.xml:25:5-78
31-->src\main\AndroidManifest.xml:25:22-75
32    <uses-permission android:name="android.permission.REQUEST_IGNORE_BATTERY_OPTIMIZATIONS" />
32-->src\main\AndroidManifest.xml:26:5-95
32-->src\main\AndroidManifest.xml:26:22-92
33    <uses-permission android:name="android.permission.ACCESS_WIFI_STATE" />
33-->src\main\AndroidManifest.xml:27:5-76
33-->src\main\AndroidManifest.xml:27:22-73
34    <uses-permission android:name="android.permission.CHANGE_WIFI_STATE" />
34-->src\main\AndroidManifest.xml:28:5-76
34-->src\main\AndroidManifest.xml:28:22-73
35    <uses-permission android:name="android.permission.POST_NOTIFICATIONS" />
35-->src\main\AndroidManifest.xml:29:5-77
35-->src\main\AndroidManifest.xml:29:22-74
36    <uses-permission android:name="android.permission.SCHEDULE_EXACT_ALARM" />
36-->src\main\AndroidManifest.xml:30:5-79
36-->src\main\AndroidManifest.xml:30:22-76
37    <uses-permission android:name="android.permission.USE_EXACT_ALARM" />
37-->src\main\AndroidManifest.xml:31:5-74
37-->src\main\AndroidManifest.xml:31:22-71
38    <uses-permission android:name="android.permission.REQUEST_COMPANION_START_FOREGROUND_SERVICES_FROM_BACKGROUND" />
38-->src\main\AndroidManifest.xml:32:5-118
38-->src\main\AndroidManifest.xml:32:22-115
39    <uses-permission android:name="android.permission.START_FOREGROUND_SERVICES_FROM_BACKGROUND" />
39-->src\main\AndroidManifest.xml:33:5-100
39-->src\main\AndroidManifest.xml:33:22-97
40    <uses-permission android:name="android.permission.RECEIVE_BOOT_COMPLETED" />
40-->src\main\AndroidManifest.xml:34:5-81
40-->src\main\AndroidManifest.xml:34:22-78
41    <uses-permission android:name="android.permission.DISABLE_KEYGUARD" />
41-->src\main\AndroidManifest.xml:35:5-75
41-->src\main\AndroidManifest.xml:35:22-72
42    <uses-permission android:name="android.permission.TURN_SCREEN_ON" />
42-->src\main\AndroidManifest.xml:36:5-73
42-->src\main\AndroidManifest.xml:36:22-70
43
44    <!-- OpenStreetMap permissions -->
45    <uses-permission android:name="android.permission.WRITE_EXTERNAL_STORAGE" />
45-->src\main\AndroidManifest.xml:39:5-81
45-->src\main\AndroidManifest.xml:39:22-78
46    <uses-permission android:name="android.permission.READ_EXTERNAL_STORAGE" />
46-->src\main\AndroidManifest.xml:40:5-80
46-->src\main\AndroidManifest.xml:40:22-77
47    <uses-permission android:name="android.permission.USE_BIOMETRIC" /> <!-- suppress DeprecatedClassUsageInspection -->
47-->[androidx.biometric:biometric:1.1.0] AndroidManifest.xml:24:5-72
47-->[androidx.biometric:biometric:1.1.0] AndroidManifest.xml:24:22-69
48    <uses-permission android:name="android.permission.USE_FINGERPRINT" />
48-->[androidx.biometric:biometric:1.1.0] AndroidManifest.xml:27:5-74
48-->[androidx.biometric:biometric:1.1.0] AndroidManifest.xml:27:22-71
49
50    <permission
50-->[androidx.core:core:1.10.1] AndroidManifest.xml:22:5-24:47
51        android:name="com.crashalert.safety.DYNAMIC_RECEIVER_NOT_EXPORTED_PERMISSION"
51-->[androidx.core:core:1.10.1] AndroidManifest.xml:23:9-81
52        android:protectionLevel="signature" />
52-->[androidx.core:core:1.10.1] AndroidManifest.xml:24:9-44
53
54    <uses-permission android:name="com.crashalert.safety.DYNAMIC_RECEIVER_NOT_EXPORTED_PERMISSION" />
54-->[androidx.core:core:1.10.1] AndroidManifest.xml:26:5-97
54-->[androidx.core:core:1.10.1] AndroidManifest.xml:26:22-94
55
56    <supports-screens
56-->[org.osmdroid:osmdroid-android:6.1.17] AndroidManifest.xml:9:5-12:40
57        android:anyDensity="true"
57-->[org.osmdroid:osmdroid-android:6.1.17] AndroidManifest.xml:10:9-34
58        android:largeScreens="true"
58-->[org.osmdroid:osmdroid-android:6.1.17] AndroidManifest.xml:11:9-36
59        android:normalScreens="true" />
59-->[org.osmdroid:osmdroid-android:6.1.17] AndroidManifest.xml:12:9-37
60
61    <uses-feature
61-->[org.osmdroid:osmdroid-android:6.1.17] AndroidManifest.xml:14:5-16:36
62        android:name="android.hardware.location.network"
62-->[org.osmdroid:osmdroid-android:6.1.17] AndroidManifest.xml:15:9-57
63        android:required="false" />
63-->[org.osmdroid:osmdroid-android:6.1.17] AndroidManifest.xml:16:9-33
64    <uses-feature
64-->[org.osmdroid:osmdroid-android:6.1.17] AndroidManifest.xml:17:5-19:36
65        android:name="android.hardware.location.gps"
65-->[org.osmdroid:osmdroid-android:6.1.17] AndroidManifest.xml:18:9-53
66        android:required="false" />
66-->[org.osmdroid:osmdroid-android:6.1.17] AndroidManifest.xml:19:9-33
67    <uses-feature
67-->[org.osmdroid:osmdroid-android:6.1.17] AndroidManifest.xml:20:5-22:36
68        android:name="android.hardware.telephony"
68-->[org.osmdroid:osmdroid-android:6.1.17] AndroidManifest.xml:21:9-50
69        android:required="false" />
69-->[org.osmdroid:osmdroid-android:6.1.17] AndroidManifest.xml:22:9-33
70    <uses-feature
70-->[org.osmdroid:osmdroid-android:6.1.17] AndroidManifest.xml:23:5-25:36
71        android:name="android.hardware.wifi"
71-->[org.osmdroid:osmdroid-android:6.1.17] AndroidManifest.xml:24:9-45
72        android:required="false" />
72-->[org.osmdroid:osmdroid-android:6.1.17] AndroidManifest.xml:25:9-33
73
74    <application
74-->src\main\AndroidManifest.xml:42:5-205:19
75        android:allowBackup="true"
75-->src\main\AndroidManifest.xml:43:9-35
76        android:appComponentFactory="androidx.core.app.CoreComponentFactory"
76-->[androidx.core:core:1.10.1] AndroidManifest.xml:28:18-86
77        android:dataExtractionRules="@xml/data_extraction_rules"
77-->src\main\AndroidManifest.xml:44:9-65
78        android:extractNativeLibs="false"
79        android:fullBackupContent="@xml/backup_rules"
79-->src\main\AndroidManifest.xml:45:9-54
80        android:fullBackupOnly="false"
80-->[mil.nga.geopackage:geopackage-android:6.6.0] AndroidManifest.xml:12:9-39
81        android:icon="@mipmap/ic_launcher"
81-->src\main\AndroidManifest.xml:46:9-43
82        android:label="@string/app_name"
82-->src\main\AndroidManifest.xml:47:9-41
83        android:roundIcon="@mipmap/ic_launcher_round"
83-->src\main\AndroidManifest.xml:48:9-54
84        android:supportsRtl="true"
84-->src\main\AndroidManifest.xml:49:9-35
85        android:theme="@style/Theme.CrashAlertSafety"
85-->src\main\AndroidManifest.xml:50:9-54
86        android:usesCleartextTraffic="true" >
86-->[mil.nga.geopackage:geopackage-android:6.6.0] AndroidManifest.xml:14:9-44
87
88        <!-- Main Activity -->
89        <activity
89-->src\main\AndroidManifest.xml:55:9-64:20
90            android:name="com.crashalert.safety.MainActivity"
90-->src\main\AndroidManifest.xml:56:13-41
91            android:exported="true"
91-->src\main\AndroidManifest.xml:57:13-36
92            android:screenOrientation="portrait"
92-->src\main\AndroidManifest.xml:58:13-49
93            android:theme="@style/Theme.CrashAlertSafety" >
93-->src\main\AndroidManifest.xml:59:13-58
94            <intent-filter>
94-->src\main\AndroidManifest.xml:60:13-63:29
95                <action android:name="android.intent.action.MAIN" />
95-->src\main\AndroidManifest.xml:61:17-69
95-->src\main\AndroidManifest.xml:61:25-66
96
97                <category android:name="android.intent.category.LAUNCHER" />
97-->src\main\AndroidManifest.xml:62:17-77
97-->src\main\AndroidManifest.xml:62:27-74
98            </intent-filter>
99        </activity>
100
101        <!-- Emergency Confirmation Activity -->
102        <activity
102-->src\main\AndroidManifest.xml:67:9-73:49
103            android:name="com.crashalert.safety.EmergencyConfirmationActivity"
103-->src\main\AndroidManifest.xml:68:13-58
104            android:excludeFromRecents="true"
104-->src\main\AndroidManifest.xml:73:13-46
105            android:exported="false"
105-->src\main\AndroidManifest.xml:69:13-37
106            android:launchMode="singleTop"
106-->src\main\AndroidManifest.xml:72:13-43
107            android:screenOrientation="portrait"
107-->src\main\AndroidManifest.xml:70:13-49
108            android:theme="@style/Theme.CrashAlertSafety.Emergency" />
108-->src\main\AndroidManifest.xml:71:13-68
109
110        <!-- Emergency Contacts Management Activity -->
111        <activity
111-->src\main\AndroidManifest.xml:76:9-79:58
112            android:name="com.crashalert.safety.EmergencyContactsActivity"
112-->src\main\AndroidManifest.xml:77:13-54
113            android:exported="false"
113-->src\main\AndroidManifest.xml:78:13-37
114            android:parentActivityName="com.crashalert.safety.MainActivity" />
114-->src\main\AndroidManifest.xml:79:13-55
115
116        <!-- Settings Activity -->
117        <activity
117-->src\main\AndroidManifest.xml:82:9-85:58
118            android:name="com.crashalert.safety.SettingsActivity"
118-->src\main\AndroidManifest.xml:83:13-45
119            android:exported="false"
119-->src\main\AndroidManifest.xml:84:13-37
120            android:parentActivityName="com.crashalert.safety.MainActivity" />
120-->src\main\AndroidManifest.xml:85:13-55
121
122        <!-- Test Hospital Calling Activity -->
123        <activity
123-->src\main\AndroidManifest.xml:88:9-92:53
124            android:name="com.crashalert.safety.TestHospitalCallingActivity"
124-->src\main\AndroidManifest.xml:89:13-56
125            android:exported="false"
125-->src\main\AndroidManifest.xml:90:13-37
126            android:label="Test Hospital Calling"
126-->src\main\AndroidManifest.xml:92:13-50
127            android:parentActivityName="com.crashalert.safety.MainActivity" />
127-->src\main\AndroidManifest.xml:91:13-55
128        <activity
128-->src\main\AndroidManifest.xml:94:9-98:55
129            android:name="com.crashalert.safety.BackgroundServiceTestActivity"
129-->src\main\AndroidManifest.xml:95:13-58
130            android:exported="false"
130-->src\main\AndroidManifest.xml:96:13-37
131            android:label="Background Service Test"
131-->src\main\AndroidManifest.xml:98:13-52
132            android:parentActivityName="com.crashalert.safety.MainActivity" />
132-->src\main\AndroidManifest.xml:97:13-55
133        <activity
133-->src\main\AndroidManifest.xml:100:9-104:54
134            android:name="com.crashalert.safety.TestEmergencyCallingActivity"
134-->src\main\AndroidManifest.xml:101:13-57
135            android:exported="false"
135-->src\main\AndroidManifest.xml:102:13-37
136            android:label="Test Emergency Calling"
136-->src\main\AndroidManifest.xml:104:13-51
137            android:parentActivityName="com.crashalert.safety.MainActivity" />
137-->src\main\AndroidManifest.xml:103:13-55
138
139        <!-- OpenStreetMap Crash Location Activity -->
140        <activity
140-->src\main\AndroidManifest.xml:107:9-112:52
141            android:name="com.crashalert.safety.map.CrashMapActivity"
141-->src\main\AndroidManifest.xml:108:13-49
142            android:exported="false"
142-->src\main\AndroidManifest.xml:109:13-37
143            android:label="Crash Location Map"
143-->src\main\AndroidManifest.xml:111:13-47
144            android:parentActivityName="com.crashalert.safety.MainActivity"
144-->src\main\AndroidManifest.xml:110:13-55
145            android:screenOrientation="portrait" />
145-->src\main\AndroidManifest.xml:112:13-49
146
147        <!-- Test Crash Detection Activity -->
148        <activity
148-->src\main\AndroidManifest.xml:115:9-120:52
149            android:name="com.crashalert.safety.TestCrashDetectionActivity"
149-->src\main\AndroidManifest.xml:116:13-55
150            android:exported="false"
150-->src\main\AndroidManifest.xml:117:13-37
151            android:label="Test Crash Detection"
151-->src\main\AndroidManifest.xml:119:13-49
152            android:parentActivityName="com.crashalert.safety.MainActivity"
152-->src\main\AndroidManifest.xml:118:13-55
153            android:screenOrientation="portrait" />
153-->src\main\AndroidManifest.xml:120:13-49
154
155        <!-- Crash History Activity -->
156        <activity
156-->src\main\AndroidManifest.xml:123:9-127:45
157            android:name="com.crashalert.safety.CrashHistoryActivity"
157-->src\main\AndroidManifest.xml:124:13-49
158            android:exported="false"
158-->src\main\AndroidManifest.xml:125:13-37
159            android:label="Crash History"
159-->src\main\AndroidManifest.xml:127:13-42
160            android:parentActivityName="com.crashalert.safety.MainActivity" />
160-->src\main\AndroidManifest.xml:126:13-55
161
162        <!-- Driving Mode Service -->
163        <service
163-->src\main\AndroidManifest.xml:130:9-137:39
164            android:name="com.crashalert.safety.service.DrivingModeService"
164-->src\main\AndroidManifest.xml:131:13-55
165            android:enabled="true"
165-->src\main\AndroidManifest.xml:132:13-35
166            android:exported="false"
166-->src\main\AndroidManifest.xml:133:13-37
167            android:foregroundServiceType="location|specialUse"
167-->src\main\AndroidManifest.xml:134:13-64
168            android:priority="1000"
168-->src\main\AndroidManifest.xml:137:13-36
169            android:process=":driving_mode_service"
169-->src\main\AndroidManifest.xml:136:13-52
170            android:stopWithTask="false" />
170-->src\main\AndroidManifest.xml:135:13-41
171
172        <!-- Emergency Alert Service -->
173        <service
173-->src\main\AndroidManifest.xml:140:9-146:39
174            android:name="com.crashalert.safety.service.EmergencyAlertService"
174-->src\main\AndroidManifest.xml:141:13-58
175            android:enabled="true"
175-->src\main\AndroidManifest.xml:142:13-35
176            android:exported="false"
176-->src\main\AndroidManifest.xml:143:13-37
177            android:foregroundServiceType="specialUse"
177-->src\main\AndroidManifest.xml:144:13-55
178            android:priority="1000"
178-->src\main\AndroidManifest.xml:146:13-36
179            android:stopWithTask="false" />
179-->src\main\AndroidManifest.xml:145:13-41
180
181        <!-- Home Screen Widget -->
182        <receiver
182-->src\main\AndroidManifest.xml:150:9-159:20
183            android:name="com.crashalert.safety.widget.DrivingModeWidget"
183-->src\main\AndroidManifest.xml:151:13-53
184            android:exported="true" >
184-->src\main\AndroidManifest.xml:152:13-36
185            <intent-filter>
185-->src\main\AndroidManifest.xml:153:13-155:29
186                <action android:name="android.appwidget.action.APPWIDGET_UPDATE" />
186-->src\main\AndroidManifest.xml:154:17-84
186-->src\main\AndroidManifest.xml:154:25-81
187            </intent-filter>
188
189            <meta-data
189-->src\main\AndroidManifest.xml:156:13-158:68
190                android:name="android.appwidget.provider"
190-->src\main\AndroidManifest.xml:157:17-58
191                android:resource="@xml/driving_mode_widget_info" />
191-->src\main\AndroidManifest.xml:158:17-65
192        </receiver>
193
194        <!-- Boot Receiver -->
195        <receiver
195-->src\main\AndroidManifest.xml:162:9-172:20
196            android:name="com.crashalert.safety.receiver.BootReceiver"
196-->src\main\AndroidManifest.xml:163:13-50
197            android:enabled="true"
197-->src\main\AndroidManifest.xml:164:13-35
198            android:exported="true" >
198-->src\main\AndroidManifest.xml:165:13-36
199            <intent-filter android:priority="1000" >
199-->src\main\AndroidManifest.xml:166:13-171:29
199-->src\main\AndroidManifest.xml:166:28-51
200                <action android:name="android.intent.action.BOOT_COMPLETED" />
200-->src\main\AndroidManifest.xml:167:17-79
200-->src\main\AndroidManifest.xml:167:25-76
201                <action android:name="android.intent.action.MY_PACKAGE_REPLACED" />
201-->src\main\AndroidManifest.xml:168:17-84
201-->src\main\AndroidManifest.xml:168:25-81
202                <action android:name="android.intent.action.PACKAGE_REPLACED" />
202-->src\main\AndroidManifest.xml:169:17-81
202-->src\main\AndroidManifest.xml:169:25-78
203
204                <data android:scheme="package" />
204-->src\main\AndroidManifest.xml:170:17-50
204-->src\main\AndroidManifest.xml:170:23-47
205            </intent-filter>
206        </receiver>
207
208        <!-- Emergency Alert Receiver -->
209        <receiver
209-->src\main\AndroidManifest.xml:175:9-178:40
210            android:name="com.crashalert.safety.receiver.EmergencyAlertReceiver"
210-->src\main\AndroidManifest.xml:176:13-60
211            android:enabled="true"
211-->src\main\AndroidManifest.xml:177:13-35
212            android:exported="false" />
212-->src\main\AndroidManifest.xml:178:13-37
213
214        <!-- Service Keep-Alive Receiver -->
215        <receiver
215-->src\main\AndroidManifest.xml:181:9-184:40
216            android:name="com.crashalert.safety.utils.ServiceKeepAliveManager$ServiceKeepAliveReceiver"
216-->src\main\AndroidManifest.xml:182:13-83
217            android:enabled="true"
217-->src\main\AndroidManifest.xml:183:13-35
218            android:exported="false" />
218-->src\main\AndroidManifest.xml:184:13-37
219
220        <!-- Boot Receiver -->
221        <receiver
221-->src\main\AndroidManifest.xml:187:9-197:20
222            android:name="com.crashalert.safety.BootReceiver"
222-->src\main\AndroidManifest.xml:188:13-41
223            android:enabled="true"
223-->src\main\AndroidManifest.xml:189:13-35
224            android:exported="false" >
224-->src\main\AndroidManifest.xml:190:13-37
225            <intent-filter android:priority="1000" >
225-->src\main\AndroidManifest.xml:166:13-171:29
225-->src\main\AndroidManifest.xml:166:28-51
226                <action android:name="android.intent.action.BOOT_COMPLETED" />
226-->src\main\AndroidManifest.xml:167:17-79
226-->src\main\AndroidManifest.xml:167:25-76
227                <action android:name="android.intent.action.MY_PACKAGE_REPLACED" />
227-->src\main\AndroidManifest.xml:168:17-84
227-->src\main\AndroidManifest.xml:168:25-81
228                <action android:name="android.intent.action.PACKAGE_REPLACED" />
228-->src\main\AndroidManifest.xml:169:17-81
228-->src\main\AndroidManifest.xml:169:25-78
229
230                <data android:scheme="package" />
230-->src\main\AndroidManifest.xml:170:17-50
230-->src\main\AndroidManifest.xml:170:23-47
231            </intent-filter>
232        </receiver>
233
234        <!-- Service Restart Receiver -->
235        <receiver
235-->src\main\AndroidManifest.xml:200:9-203:40
236            android:name="com.crashalert.safety.utils.ServicePersistenceEnhancer$ServiceRestartReceiver"
236-->src\main\AndroidManifest.xml:201:13-84
237            android:enabled="true"
237-->src\main\AndroidManifest.xml:202:13-35
238            android:exported="false" />
238-->src\main\AndroidManifest.xml:203:13-37
239
240        <provider
240-->[androidx.work:work-runtime:2.8.1] AndroidManifest.xml:29:9-37:20
241            android:name="androidx.startup.InitializationProvider"
241-->[androidx.work:work-runtime:2.8.1] AndroidManifest.xml:30:13-67
242            android:authorities="com.crashalert.safety.androidx-startup"
242-->[androidx.work:work-runtime:2.8.1] AndroidManifest.xml:31:13-68
243            android:exported="false" >
243-->[androidx.work:work-runtime:2.8.1] AndroidManifest.xml:32:13-37
244            <meta-data
244-->[androidx.work:work-runtime:2.8.1] AndroidManifest.xml:34:13-36:52
245                android:name="androidx.work.WorkManagerInitializer"
245-->[androidx.work:work-runtime:2.8.1] AndroidManifest.xml:35:17-68
246                android:value="androidx.startup" />
246-->[androidx.work:work-runtime:2.8.1] AndroidManifest.xml:36:17-49
247            <meta-data
247-->[androidx.emoji2:emoji2:1.2.0] AndroidManifest.xml:29:13-31:52
248                android:name="androidx.emoji2.text.EmojiCompatInitializer"
248-->[androidx.emoji2:emoji2:1.2.0] AndroidManifest.xml:30:17-75
249                android:value="androidx.startup" />
249-->[androidx.emoji2:emoji2:1.2.0] AndroidManifest.xml:31:17-49
250            <meta-data
250-->[androidx.lifecycle:lifecycle-process:2.6.1] AndroidManifest.xml:29:13-31:52
251                android:name="androidx.lifecycle.ProcessLifecycleInitializer"
251-->[androidx.lifecycle:lifecycle-process:2.6.1] AndroidManifest.xml:30:17-78
252                android:value="androidx.startup" />
252-->[androidx.lifecycle:lifecycle-process:2.6.1] AndroidManifest.xml:31:17-49
253            <meta-data
253-->[androidx.profileinstaller:profileinstaller:1.3.0] AndroidManifest.xml:29:13-31:52
254                android:name="androidx.profileinstaller.ProfileInstallerInitializer"
254-->[androidx.profileinstaller:profileinstaller:1.3.0] AndroidManifest.xml:30:17-85
255                android:value="androidx.startup" />
255-->[androidx.profileinstaller:profileinstaller:1.3.0] AndroidManifest.xml:31:17-49
256        </provider>
257
258        <service
258-->[androidx.work:work-runtime:2.8.1] AndroidManifest.xml:39:9-45:35
259            android:name="androidx.work.impl.background.systemalarm.SystemAlarmService"
259-->[androidx.work:work-runtime:2.8.1] AndroidManifest.xml:40:13-88
260            android:directBootAware="false"
260-->[androidx.work:work-runtime:2.8.1] AndroidManifest.xml:41:13-44
261            android:enabled="@bool/enable_system_alarm_service_default"
261-->[androidx.work:work-runtime:2.8.1] AndroidManifest.xml:42:13-72
262            android:exported="false" />
262-->[androidx.work:work-runtime:2.8.1] AndroidManifest.xml:43:13-37
263        <service
263-->[androidx.work:work-runtime:2.8.1] AndroidManifest.xml:46:9-52:35
264            android:name="androidx.work.impl.background.systemjob.SystemJobService"
264-->[androidx.work:work-runtime:2.8.1] AndroidManifest.xml:47:13-84
265            android:directBootAware="false"
265-->[androidx.work:work-runtime:2.8.1] AndroidManifest.xml:48:13-44
266            android:enabled="@bool/enable_system_job_service_default"
266-->[androidx.work:work-runtime:2.8.1] AndroidManifest.xml:49:13-70
267            android:exported="true"
267-->[androidx.work:work-runtime:2.8.1] AndroidManifest.xml:50:13-36
268            android:permission="android.permission.BIND_JOB_SERVICE" />
268-->[androidx.work:work-runtime:2.8.1] AndroidManifest.xml:51:13-69
269        <service
269-->[androidx.work:work-runtime:2.8.1] AndroidManifest.xml:53:9-59:35
270            android:name="androidx.work.impl.foreground.SystemForegroundService"
270-->[androidx.work:work-runtime:2.8.1] AndroidManifest.xml:54:13-81
271            android:directBootAware="false"
271-->[androidx.work:work-runtime:2.8.1] AndroidManifest.xml:55:13-44
272            android:enabled="@bool/enable_system_foreground_service_default"
272-->[androidx.work:work-runtime:2.8.1] AndroidManifest.xml:56:13-77
273            android:exported="false" />
273-->[androidx.work:work-runtime:2.8.1] AndroidManifest.xml:57:13-37
274
275        <receiver
275-->[androidx.work:work-runtime:2.8.1] AndroidManifest.xml:61:9-66:35
276            android:name="androidx.work.impl.utils.ForceStopRunnable$BroadcastReceiver"
276-->[androidx.work:work-runtime:2.8.1] AndroidManifest.xml:62:13-88
277            android:directBootAware="false"
277-->[androidx.work:work-runtime:2.8.1] AndroidManifest.xml:63:13-44
278            android:enabled="true"
278-->[androidx.work:work-runtime:2.8.1] AndroidManifest.xml:64:13-35
279            android:exported="false" />
279-->[androidx.work:work-runtime:2.8.1] AndroidManifest.xml:65:13-37
280        <receiver
280-->[androidx.work:work-runtime:2.8.1] AndroidManifest.xml:67:9-77:20
281            android:name="androidx.work.impl.background.systemalarm.ConstraintProxy$BatteryChargingProxy"
281-->[androidx.work:work-runtime:2.8.1] AndroidManifest.xml:68:13-106
282            android:directBootAware="false"
282-->[androidx.work:work-runtime:2.8.1] AndroidManifest.xml:69:13-44
283            android:enabled="false"
283-->[androidx.work:work-runtime:2.8.1] AndroidManifest.xml:70:13-36
284            android:exported="false" >
284-->[androidx.work:work-runtime:2.8.1] AndroidManifest.xml:71:13-37
285            <intent-filter>
285-->[androidx.work:work-runtime:2.8.1] AndroidManifest.xml:73:13-76:29
286                <action android:name="android.intent.action.ACTION_POWER_CONNECTED" />
286-->[androidx.work:work-runtime:2.8.1] AndroidManifest.xml:74:17-87
286-->[androidx.work:work-runtime:2.8.1] AndroidManifest.xml:74:25-84
287                <action android:name="android.intent.action.ACTION_POWER_DISCONNECTED" />
287-->[androidx.work:work-runtime:2.8.1] AndroidManifest.xml:75:17-90
287-->[androidx.work:work-runtime:2.8.1] AndroidManifest.xml:75:25-87
288            </intent-filter>
289        </receiver>
290        <receiver
290-->[androidx.work:work-runtime:2.8.1] AndroidManifest.xml:78:9-88:20
291            android:name="androidx.work.impl.background.systemalarm.ConstraintProxy$BatteryNotLowProxy"
291-->[androidx.work:work-runtime:2.8.1] AndroidManifest.xml:79:13-104
292            android:directBootAware="false"
292-->[androidx.work:work-runtime:2.8.1] AndroidManifest.xml:80:13-44
293            android:enabled="false"
293-->[androidx.work:work-runtime:2.8.1] AndroidManifest.xml:81:13-36
294            android:exported="false" >
294-->[androidx.work:work-runtime:2.8.1] AndroidManifest.xml:82:13-37
295            <intent-filter>
295-->[androidx.work:work-runtime:2.8.1] AndroidManifest.xml:84:13-87:29
296                <action android:name="android.intent.action.BATTERY_OKAY" />
296-->[androidx.work:work-runtime:2.8.1] AndroidManifest.xml:85:17-77
296-->[androidx.work:work-runtime:2.8.1] AndroidManifest.xml:85:25-74
297                <action android:name="android.intent.action.BATTERY_LOW" />
297-->[androidx.work:work-runtime:2.8.1] AndroidManifest.xml:86:17-76
297-->[androidx.work:work-runtime:2.8.1] AndroidManifest.xml:86:25-73
298            </intent-filter>
299        </receiver>
300        <receiver
300-->[androidx.work:work-runtime:2.8.1] AndroidManifest.xml:89:9-99:20
301            android:name="androidx.work.impl.background.systemalarm.ConstraintProxy$StorageNotLowProxy"
301-->[androidx.work:work-runtime:2.8.1] AndroidManifest.xml:90:13-104
302            android:directBootAware="false"
302-->[androidx.work:work-runtime:2.8.1] AndroidManifest.xml:91:13-44
303            android:enabled="false"
303-->[androidx.work:work-runtime:2.8.1] AndroidManifest.xml:92:13-36
304            android:exported="false" >
304-->[androidx.work:work-runtime:2.8.1] AndroidManifest.xml:93:13-37
305            <intent-filter>
305-->[androidx.work:work-runtime:2.8.1] AndroidManifest.xml:95:13-98:29